<?xml version="1.0" encoding="UTF-8"?>
<testsuite xmlns:xsi="http://www.w3.org/2001/XMLSchema-instance" xsi:noNamespaceSchemaLocation="https://maven.apache.org/surefire/maven-surefire-plugin/xsd/surefire-test-report.xsd" name="Scenario: select lowest price item in cart" time="29.856" tests="7" errors="0" skipped="0" failures="0">
  <properties>
[...]
</properties>
  <testcase name="Scenario: select lowest price item in cart" classname="Scenario: select lowest price item in cart" time="0"/>
  <testcase name="Given I add four different products to my wish list" classname="Scenario: select lowest price item in cart" time="0.001"/>
  <testcase name="When I view my wishlist table" classname="Scenario: select lowest price item in cart" time="0"/>
  <testcase name="Then I  find total &quot;4&quot; selected items in my wishlist" classname="Scenario: select lowest price item in cart" time="0.001"/>
  <testcase name="When I search for the lowest price product" classname="Scenario: select lowest price item in cart" time="0"/>
  <testcase name="And I am able to add the lowest price item to my cart" classname="Scenario: select lowest price item in cart" time="0.001"/>
  <testcase name="Then I am able to verify the item in my cart" classname="Scenario: select lowest price item in cart" time="0"/>
</testsuite>